SF:lib\utils\calculator_brain.dart
DA:4,2
DA:14,2
DA:15,12
DA:16,4
DA:19,2
DA:20,4
DA:22,4
DA:29,2
DA:30,4
DA:32,4
LF:10
LH:10
end_of_record
SF:lib\app\bmi_calculator_app.dart
DA:6,3
DA:8,3
DA:10,3
DA:12,6
DA:15,6
LF:5
LH:5
end_of_record
SF:lib\bmi_input\view\input_page.dart
DA:13,4
DA:15,3
DA:16,3
DA:26,3
DA:28,3
DA:29,3
DA:32,3
DA:34,3
DA:35,3
DA:36,3
DA:37,3
DA:38,3
DA:39,3
DA:41,1
DA:42,2
DA:43,1
DA:46,6
DA:56,3
DA:57,3
DA:59,1
DA:60,2
DA:61,1
DA:64,6
DA:77,3
DA:78,3
DA:80,3
DA:82,3
DA:87,3
DA:91,3
DA:92,3
DA:93,6
DA:103,3
DA:104,6
DA:107,1
DA:108,2
DA:109,2
DA:117,3
DA:118,3
DA:119,3
DA:120,3
DA:121,3
DA:123,3
DA:125,3
DA:131,3
DA:132,6
DA:135,3
DA:137,3
DA:138,3
DA:143,1
DA:144,2
DA:145,2
DA:150,3
DA:154,1
DA:155,2
DA:156,2
DA:166,3
DA:167,3
DA:169,3
DA:171,3
DA:177,3
DA:178,6
DA:181,3
DA:183,3
DA:184,3
DA:187,1
DA:188,2
DA:189,2
DA:194,3
DA:197,1
DA:198,2
DA:199,2
DA:212,3
DA:215,1
DA:216,1
DA:217,1
DA:218,1
DA:221,1
DA:223,1
DA:224,1
DA:225,1
DA:226,1
DA:227,1
DA:228,1
LF:83
LH:83
end_of_record
SF:lib\bmi_result\view\result_page.dart
DA:6,1
DA:17,1
DA:19,1
DA:20,1
DA:23,1
DA:26,1
DA:27,1
DA:28,1
DA:37,1
DA:39,1
DA:41,1
DA:43,1
DA:44,1
DA:45,2
DA:49,1
DA:50,1
DA:53,1
DA:54,1
DA:62,1
DA:65,2
LF:20
LH:20
end_of_record
SF:lib\bmi_input\widgets\icon_content.dart
DA:6,4
DA:14,3
DA:16,3
DA:18,3
DA:19,3
DA:20,3
DA:26,3
DA:27,3
LF:8
LH:8
end_of_record
SF:lib\bmi_input\widgets\round_icon_button.dart
DA:4,3
DA:13,3
DA:15,3
DA:16,3
DA:24,6
LF:5
LH:5
end_of_record
SF:lib\common\bottom_button.dart
DA:5,3
DA:14,3
DA:16,3
DA:17,3
DA:18,3
DA:28,3
DA:29,3
DA:30,3
LF:8
LH:8
end_of_record
SF:lib\common\reusable_card.dart
DA:4,3
DA:15,3
DA:17,3
DA:18,3
DA:19,3
DA:21,3
DA:22,3
DA:23,3
DA:25,3
LF:9
LH:9
end_of_record
