SF:lib\utils\calculator_brain.dart
DA:4,2
DA:14,2
DA:15,12
DA:16,4
DA:19,2
DA:20,4
DA:22,4
DA:28,2
DA:29,4
DA:31,4
LF:10
LH:10
end_of_record
SF:lib\app\bmi_calculator_app.dart
DA:6,2
DA:8,2
DA:9,2
DA:10,4
DA:13,4
LF:5
LH:5
end_of_record
SF:lib\bmi_input\view\input_page.dart
DA:8,3
DA:11,2
DA:12,2
DA:22,2
DA:24,2
DA:25,2
DA:28,2
DA:30,2
DA:31,2
DA:32,2
DA:33,2
DA:34,2
DA:35,2
DA:37,1
DA:38,2
DA:39,1
DA:42,4
DA:45,2
DA:51,2
DA:52,2
DA:54,1
DA:55,2
DA:56,1
DA:59,4
DA:62,2
DA:71,2
DA:72,2
DA:74,2
DA:76,2
DA:81,2
DA:85,2
DA:86,2
DA:87,4
DA:96,2
DA:97,4
DA:100,1
DA:101,2
DA:102,2
DA:110,2
DA:111,2
DA:112,2
DA:113,2
DA:114,2
DA:116,2
DA:118,2
DA:123,2
DA:124,4
DA:127,2
DA:129,2
DA:130,2
DA:134,1
DA:135,2
DA:136,2
DA:141,2
DA:145,1
DA:146,2
DA:147,2
DA:157,2
DA:158,2
DA:160,2
DA:162,2
DA:167,2
DA:168,4
DA:171,2
DA:173,2
DA:174,2
DA:177,1
DA:178,2
DA:179,2
DA:184,2
DA:187,1
DA:188,2
DA:189,2
DA:202,2
DA:205,1
DA:206,1
DA:207,1
DA:208,1
DA:211,1
DA:213,1
DA:214,1
DA:215,1
DA:216,1
DA:217,1
DA:218,1
LF:85
LH:85
end_of_record
SF:lib\bmi_result\view\result_page.dart
DA:6,1
DA:16,1
DA:18,1
DA:19,1
DA:22,1
DA:25,1
DA:26,1
DA:27,1
DA:36,1
DA:38,1
DA:40,1
DA:43,1
DA:44,1
DA:45,2
DA:48,1
DA:49,1
DA:52,1
DA:53,1
DA:61,1
DA:64,2
LF:20
LH:20
end_of_record
SF:lib\bmi_input\widgets\icon_content.dart
DA:5,2
DA:9,2
DA:14,2
DA:16,2
DA:18,2
DA:19,2
DA:20,2
DA:26,2
DA:27,2
LF:9
LH:9
end_of_record
SF:lib\bmi_input\widgets\round_icon_button.dart
DA:4,2
DA:8,2
DA:13,2
DA:15,2
DA:16,4
DA:17,2
DA:19,2
LF:7
LH:7
end_of_record
SF:lib\common\bottom_button.dart
DA:5,2
DA:9,2
DA:14,2
DA:16,2
DA:17,2
DA:18,2
DA:28,2
DA:29,2
DA:30,2
LF:9
LH:9
end_of_record
SF:lib\common\reusable_card.dart
DA:4,2
DA:9,2
DA:15,2
DA:17,2
DA:18,2
DA:19,2
DA:20,2
DA:22,2
DA:23,2
DA:24,2
LF:10
LH:10
end_of_record
